# JRE version: OpenJDK Runtime Environment (11.0.5+10) (build 11.0.5+10-b520.38)
# Java VM: OpenJDK 64-Bit Server VM (11.0.5+10-b520.38, mixed mode, tiered, compressed oops, g1 gc, windows-amd64)
Heap:
 garbage-first heap   total 157696K, used 27006K [0x0000000081c00000, 0x0000000100000000)
  region size 1024K, 19 young (19456K), 7 survivors (7168K)
 Metaspace       used 36733K, capacity 37969K, committed 38096K, reserved 1083392K
  class space    used 4582K, capacity 5073K, committed 5120K, reserved 1048576K
GC Heap History (14 events):
Event: 1.042 GC heap before
{Heap before GC invocations=0 (full 0):
 garbage-first heap   total 131072K, used 15360K [0x0000000081c00000, 0x0000000100000000)
  region size 1024K, 14 young (14336K), 0 survivors (0K)
 Metaspace       used 12795K, capacity 13155K, committed 13312K, reserved 1060864K
  class space    used 1338K, capacity 1469K, committed 1536K, reserved 1048576K
}
Event: 1.049 GC heap after
{Heap after GC invocations=1 (full 0):
 garbage-first heap   total 131072K, used 6793K [0x0000000081c00000, 0x0000000100000000)
  region size 1024K, 2 young (2048K), 2 survivors (2048K)
 Metaspace       used 12795K, capacity 13155K, committed 13312K, reserved 1060864K
  class space    used 1338K, capacity 1469K, committed 1536K, reserved 1048576K
}
Event: 1.321 GC heap before
{Heap before GC invocations=1 (full 0):
 garbage-first heap   total 131072K, used 18057K [0x0000000081c00000, 0x0000000100000000)
  region size 1024K, 14 young (14336K), 2 survivors (2048K)
 Metaspace       used 16152K, capacity 16627K, committed 16768K, reserved 1064960K
  class space    used 1741K, capacity 1912K, committed 1920K, reserved 1048576K
}
Event: 1.333 GC heap after
{Heap after GC invocations=2 (full 0):
 garbage-first heap   total 131072K, used 8083K [0x0000000081c00000, 0x0000000100000000)
  region size 1024K, 2 young (2048K), 2 survivors (2048K)
 Metaspace       used 16152K, capacity 16627K, committed 16768K, reserved 1064960K
  class space    used 1741K, capacity 1912K, committed 1920K, reserved 1048576K
}
Event: 1.604 GC heap before
{Heap before GC invocations=2 (full 0):
 garbage-first heap   total 131072K, used 34707K [0x0000000081c00000, 0x0000000100000000)
  region size 1024K, 28 young (28672K), 2 survivors (2048K)
 Metaspace       used 20348K, capacity 20914K, committed 21120K, reserved 1067008K
  class space    used 2431K, capacity 2664K, committed 2688K, reserved 1048576K
}
Event: 1.608 GC heap after
{Heap after GC invocations=3 (full 0):
 garbage-first heap   total 131072K, used 9139K [0x0000000081c00000, 0x0000000100000000)
  region size 1024K, 3 young (3072K), 3 survivors (3072K)
 Metaspace       used 20348K, capacity 20914K, committed 21120K, reserved 1067008K
  class space    used 2431K, capacity 2664K, committed 2688K, reserved 1048576K
}
Event: 1.621 GC heap before
{Heap before GC invocations=3 (full 0):
 garbage-first heap   total 131072K, used 10163K [0x0000000081c00000, 0x0000000100000000)
  region size 1024K, 5 young (5120K), 3 survivors (3072K)
 Metaspace       used 20587K, capacity 21112K, committed 21296K, reserved 1069056K
  class space    used 2461K, capacity 2666K, committed 2688K, reserved 1048576K
}
Event: 1.624 GC heap after
{Heap after GC invocations=4 (full 0):
 garbage-first heap   total 131072K, used 9212K [0x0000000081c00000, 0x0000000100000000)
  region size 1024K, 3 young (3072K), 3 survivors (3072K)
 Metaspace       used 20587K, capacity 21112K, committed 21296K, reserved 1069056K
  class space    used 2461K, capacity 2666K, committed 2688K, reserved 1048576K
}
Event: 2.066 GC heap before
{Heap before GC invocations=5 (full 0):
 garbage-first heap   total 131072K, used 81916K [0x0000000081c00000, 0x0000000100000000)
  region size 1024K, 75 young (76800K), 3 survivors (3072K)
 Metaspace       used 26883K, capacity 27691K, committed 28032K, reserved 1073152K
  class space    used 3280K, capacity 3600K, committed 3712K, reserved 1048576K
}
Event: 2.074 GC heap after
{Heap after GC invocations=6 (full 0):
 garbage-first heap   total 157696K, used 10975K [0x0000000081c00000, 0x0000000100000000)
  region size 1024K, 4 young (4096K), 4 survivors (4096K)
 Metaspace       used 26883K, capacity 27691K, committed 28032K, reserved 1073152K
  class space    used 3280K, capacity 3600K, committed 3712K, reserved 1048576K
}
Event: 3.064 GC heap before
{Heap before GC invocations=6 (full 0):
 garbage-first heap   total 157696K, used 100063K [0x0000000081c00000, 0x0000000100000000)
  region size 1024K, 92 young (94208K), 4 survivors (4096K)
 Metaspace       used 33913K, capacity 34968K, committed 35200K, reserved 1079296K
  class space    used 4231K, capacity 4669K, committed 4736K, reserved 1048576K
}
Event: 3.075 GC heap after
{Heap after GC invocations=7 (full 0):
 garbage-first heap   total 157696K, used 15071K [0x0000000081c00000, 0x0000000100000000)
  region size 1024K, 8 young (8192K), 8 survivors (8192K)
 Metaspace       used 33913K, capacity 34968K, committed 35200K, reserved 1079296K
  class space    used 4231K, capacity 4669K, committed 4736K, reserved 1048576K
}
Event: 3.199 GC heap before
{Heap before GC invocations=7 (full 0):
 garbage-first heap   total 157696K, used 36575K [0x0000000081c00000, 0x0000000100000000)
  region size 1024K, 31 young (31744K), 8 survivors (8192K)
 Metaspace       used 34902K, capacity 35976K, committed 36048K, reserved 1081344K
  class space    used 4366K, capacity 4813K, committed 4864K, reserved 1048576K
}
Event: 3.215 GC heap after
{Heap after GC invocations=8 (full 0):
 garbage-first heap   total 157696K, used 15742K [0x0000000081c00000, 0x0000000100000000)
  region size 1024K, 7 young (7168K), 7 survivors (7168K)
 Metaspace       used 34902K, capacity 35976K, committed 36048K, reserved 1081344K
  class space    used 4366K, capacity 4813K, committed 4864K, reserved 1048576K
}

